nohup: ignoring input
Traceback (most recent call last):
  File "/workspaces/Modulo_WhatsApp/app.py", line 22, in <module>
    from src.graph_whatsapp import crear_grafo
  File "/workspaces/Modulo_WhatsApp/src/graph_whatsapp.py", line 35, in <module>
    from src.nodes.seleccion_herramientas_node import nodo_seleccion_herramientas_wrapper
  File "/workspaces/Modulo_WhatsApp/src/nodes/__init__.py", line 7, in <module>
    from .ejecucion_herramientas_node import (
  File "/workspaces/Modulo_WhatsApp/src/nodes/ejecucion_herramientas_node.py", line 31, in <module>
    from src.tool import (
  File "/workspaces/Modulo_WhatsApp/src/tool.py", line 3, in <module>
    from .utilities import ListGoogleCalendarEvents, CreateGoogleCalendarEvent, DeleteGoogleCalendarEvent, PostponeGoogleCalendarEvent
  File "/workspaces/Modulo_WhatsApp/src/utilities.py", line 21, in <module>
    credentials = service_account.Credentials.from_service_account_file(
                  ^^^^^^^^^^^^^^^^^^^^^^^^^^^^^^^^^^^^^^^^^^^^^^^^^^^^^^
  File "/home/codespace/.local/lib/python3.12/site-packages/google/oauth2/service_account.py", line 262, in from_service_account_file
    info, signer = _service_account_info.from_filename(
                   ^^^^^^^^^^^^^^^^^^^^^^^^^^^^^^^^^^^^
  File "/home/codespace/.local/lib/python3.12/site-packages/google/auth/_service_account_info.py", line 78, in from_filename
    with io.open(filename, "r", encoding="utf-8") as json_file:
         ^^^^^^^^^^^^^^^^^^^^^^^^^^^^^^^^^^^^^^^^
FileNotFoundError: [Errno 2] No such file or directory: 'pro-core-466508-u7-381cfc0f5d01.json'
